<?xml version="1.0" encoding="UTF-8"?>
<testng-results ignored="0" total="2" passed="2" failed="0" skipped="0">
  <reporter-output>
  </reporter-output>
  <suite started-at="2024-08-13T16:08:59 IST" name="Default suite" finished-at="2024-08-13T16:09:13 IST" duration-ms="13961">
    <groups>
    </groups>
    <test started-at="2024-08-13T16:08:59 IST" name="Default test" finished-at="2024-08-13T16:09:13 IST" duration-ms="13961">
      <class name="Tests.HomePageTest">
        <test-method is-config="true" signature="setUp()[pri:0, instance:Tests.HomePageTest@795cd85e]" started-at="2024-08-13T16:08:59 IST" name="setUp" finished-at="2024-08-13T16:09:11 IST" duration-ms="12160" status="PASS">
          <reporter-output>
          </reporter-output>
        </test-method> <!-- setUp -->
        <test-method signature="verifyContact()[pri:0, instance:Tests.HomePageTest@795cd85e]" started-at="2024-08-13T16:09:12 IST" name="verifyContact" finished-at="2024-08-13T16:09:12 IST" duration-ms="180" status="PASS">
          <reporter-output>
          </reporter-output>
        </test-method> <!-- verifyContact -->
        <test-method signature="verifyHeader()[pri:0, instance:Tests.HomePageTest@795cd85e]" started-at="2024-08-13T16:09:12 IST" name="verifyHeader" finished-at="2024-08-13T16:09:12 IST" duration-ms="108" status="PASS">
          <reporter-output>
          </reporter-output>
        </test-method> <!-- verifyHeader -->
        <test-method is-config="true" signature="tearDown()[pri:0, instance:Tests.HomePageTest@795cd85e]" started-at="2024-08-13T16:09:12 IST" name="tearDown" finished-at="2024-08-13T16:09:13 IST" duration-ms="1402" status="PASS">
          <reporter-output>
          </reporter-output>
        </test-method> <!-- tearDown -->
      </class> <!-- Tests.HomePageTest -->
    </test> <!-- Default test -->
  </suite> <!-- Default suite -->
</testng-results>
